# JRE version: Java(TM) SE Runtime Environment (8.0_151-b12) (build 1.8.0_151-b12)
# Java VM: Java HotSpot(TM) 64-Bit Server VM (25.151-b12 mixed mode windows-amd64 compressed oops)
Heap:
 PSYoungGen      total 364032K, used 5636K [0x00000000d5980000, 0x00000000eca00000, 0x0000000100000000)
  eden space 353280K, 0% used [0x00000000d5980000,0x00000000d5980000,0x00000000eb280000)
  from space 10752K, 52% used [0x00000000eb280000,0x00000000eb801078,0x00000000ebd00000)
  to   space 10752K, 0% used [0x00000000ebf80000,0x00000000ebf80000,0x00000000eca00000)
 ParOldGen       total 201216K, used 119919K [0x0000000080c00000, 0x000000008d080000, 0x00000000d5980000)
  object space 201216K, 59% used [0x0000000080c00000,0x000000008811bdc0,0x000000008d080000)
 Metaspace       used 65666K, capacity 70924K, committed 71168K, reserved 1112064K
  class space    used 8012K, capacity 9128K, committed 9216K, reserved 1048576K
GC Heap History (10 events):
Event: 1460.441 GC heap after
Heap after GC invocations=78 (full 24):
 PSYoungGen      total 364032K, used 0K [0x00000000d5980000, 0x00000000ec800000, 0x0000000100000000)
  eden space 353792K, 0% used [0x00000000d5980000,0x00000000d5980000,0x00000000eb300000)
  from space 10240K, 0% used [0x00000000ebe00000,0x00000000ebe00000,0x00000000ec800000)
  to   space 10752K, 0% used [0x00000000eb300000,0x00000000eb300000,0x00000000ebd80000)
 ParOldGen       total 201216K, used 114563K [0x0000000080c00000, 0x000000008d080000, 0x00000000d5980000)
  object space 201216K, 56% used [0x0000000080c00000,0x0000000087be0f98,0x000000008d080000)
 Metaspace       used 64430K, capacity 69512K, committed 69760K, reserved 1110016K
  class space    used 7899K, capacity 8968K, committed 9088K, reserved 1048576K
}
Event: 1464.691 GC heap before
{Heap before GC invocations=79 (full 24):
 PSYoungGen      total 364032K, used 349049K [0x00000000d5980000, 0x00000000ec800000, 0x0000000100000000)
  eden space 353792K, 98% used [0x00000000d5980000,0x00000000eae5e460,0x00000000eb300000)
  from space 10240K, 0% used [0x00000000ebe00000,0x00000000ebe00000,0x00000000ec800000)
  to   space 10752K, 0% used [0x00000000eb300000,0x00000000eb300000,0x00000000ebd80000)
 ParOldGen       total 201216K, used 114563K [0x0000000080c00000, 0x000000008d080000, 0x00000000d5980000)
  object space 201216K, 56% used [0x0000000080c00000,0x0000000087be0f98,0x000000008d080000)
 Metaspace       used 65067K, capacity 70248K, committed 70528K, reserved 1110016K
  class space    used 7958K, capacity 9053K, committed 9088K, reserved 1048576K
Event: 1464.697 GC heap after
Heap after GC invocations=79 (full 24):
 PSYoungGen      total 360448K, used 6267K [0x00000000d5980000, 0x00000000ec700000, 0x0000000100000000)
  eden space 353792K, 0% used [0x00000000d5980000,0x00000000d5980000,0x00000000eb300000)
  from space 6656K, 94% used [0x00000000eb300000,0x00000000eb91edc0,0x00000000eb980000)
  to   space 10240K, 0% used [0x00000000ebd00000,0x00000000ebd00000,0x00000000ec700000)
 ParOldGen       total 201216K, used 114571K [0x0000000080c00000, 0x000000008d080000, 0x00000000d5980000)
  object space 201216K, 56% used [0x0000000080c00000,0x0000000087be2f98,0x000000008d080000)
 Metaspace       used 65067K, capacity 70248K, committed 70528K, reserved 1110016K
  class space    used 7958K, capacity 9053K, committed 9088K, reserved 1048576K
}
Event: 1464.697 GC heap before
{Heap before GC invocations=80 (full 25):
 PSYoungGen      total 360448K, used 6267K [0x00000000d5980000, 0x00000000ec700000, 0x0000000100000000)
  eden space 353792K, 0% used [0x00000000d5980000,0x00000000d5980000,0x00000000eb300000)
  from space 6656K, 94% used [0x00000000eb300000,0x00000000eb91edc0,0x00000000eb980000)
  to   space 10240K, 0% used [0x00000000ebd00000,0x00000000ebd00000,0x00000000ec700000)
 ParOldGen       total 201216K, used 114571K [0x0000000080c00000, 0x000000008d080000, 0x00000000d5980000)
  object space 201216K, 56% used [0x0000000080c00000,0x0000000087be2f98,0x000000008d080000)
 Metaspace       used 65067K, capacity 70248K, committed 70528K, reserved 1110016K
  class space    used 7958K, capacity 9053K, committed 9088K, reserved 1048576K
Event: 1465.160 GC heap after
Heap after GC invocations=80 (full 25):
 PSYoungGen      total 360448K, used 0K [0x00000000d5980000, 0x00000000ec700000, 0x0000000100000000)
  eden space 353792K, 0% used [0x00000000d5980000,0x00000000d5980000,0x00000000eb300000)
  from space 6656K, 0% used [0x00000000eb300000,0x00000000eb300000,0x00000000eb980000)
  to   space 10240K, 0% used [0x00000000ebd00000,0x00000000ebd00000,0x00000000ec700000)
 ParOldGen       total 201216K, used 119903K [0x0000000080c00000, 0x000000008d080000, 0x00000000d5980000)
  object space 201216K, 59% used [0x0000000080c00000,0x0000000088117dc0,0x000000008d080000)
 Metaspace       used 65029K, capacity 70188K, committed 70528K, reserved 1110016K
  class space    used 7953K, capacity 9043K, committed 9088K, reserved 1048576K
}
Event: 1472.609 GC heap before
{Heap before GC invocations=81 (full 25):
 PSYoungGen      total 360448K, used 353792K [0x00000000d5980000, 0x00000000ec700000, 0x0000000100000000)
  eden space 353792K, 100% used [0x00000000d5980000,0x00000000eb300000,0x00000000eb300000)
  from space 6656K, 0% used [0x00000000eb300000,0x00000000eb300000,0x00000000eb980000)
  to   space 10240K, 0% used [0x00000000ebd00000,0x00000000ebd00000,0x00000000ec700000)
 ParOldGen       total 201216K, used 119903K [0x0000000080c00000, 0x000000008d080000, 0x00000000d5980000)
  object space 201216K, 59% used [0x0000000080c00000,0x0000000088117dc0,0x000000008d080000)
 Metaspace       used 65664K, capacity 70918K, committed 71168K, reserved 1112064K
  class space    used 8011K, capacity 9126K, committed 9216K, reserved 1048576K
Event: 1472.618 GC heap after
Heap after GC invocations=81 (full 25):
 PSYoungGen      total 363520K, used 8145K [0x00000000d5980000, 0x00000000eca00000, 0x0000000100000000)
  eden space 353280K, 0% used [0x00000000d5980000,0x00000000d5980000,0x00000000eb280000)
  from space 10240K, 79% used [0x00000000ebd00000,0x00000000ec4f44d8,0x00000000ec700000)
  to   space 10752K, 0% used [0x00000000eb280000,0x00000000eb280000,0x00000000ebd00000)
 ParOldGen       total 201216K, used 119911K [0x0000000080c00000, 0x000000008d080000, 0x00000000d5980000)
  object space 201216K, 59% used [0x0000000080c00000,0x0000000088119dc0,0x000000008d080000)
 Metaspace       used 65664K, capacity 70918K, committed 71168K, reserved 1112064K
  class space    used 8011K, capacity 9126K, committed 9216K, reserved 1048576K
}
Event: 1485.007 GC heap before
{Heap before GC invocations=82 (full 25):
 PSYoungGen      total 363520K, used 38834K [0x00000000d5980000, 0x00000000eca00000, 0x0000000100000000)
  eden space 353280K, 8% used [0x00000000d5980000,0x00000000d7778540,0x00000000eb280000)
  from space 10240K, 79% used [0x00000000ebd00000,0x00000000ec4f44d8,0x00000000ec700000)
  to   space 10752K, 0% used [0x00000000eb280000,0x00000000eb280000,0x00000000ebd00000)
 ParOldGen       total 201216K, used 119911K [0x0000000080c00000, 0x000000008d080000, 0x00000000d5980000)
  object space 201216K, 59% used [0x0000000080c00000,0x0000000088119dc0,0x000000008d080000)
 Metaspace       used 65666K, capacity 70924K, committed 71168K, reserved 1112064K
  class space    used 8012K, capacity 9128K, committed 9216K, reserved 1048576K
Event: 1485.014 GC heap after
Heap after GC invocations=82 (full 25):
 PSYoungGen      total 364032K, used 5636K [0x00000000d5980000, 0x00000000eca00000, 0x0000000100000000)
  eden space 353280K, 0% used [0x00000000d5980000,0x00000000d5980000,0x00000000eb280000)
  from space 10752K, 52% used [0x00000000eb280000,0x00000000eb801078,0x00000000ebd00000)
  to   space 10752K, 0% used [0x00000000ebf80000,0x00000000ebf80000,0x00000000eca00000)
 ParOldGen       total 201216K, used 119919K [0x0000000080c00000, 0x000000008d080000, 0x00000000d5980000)
  object space 201216K, 59% used [0x0000000080c00000,0x000000008811bdc0,0x000000008d080000)
 Metaspace       used 65666K, capacity 70924K, committed 71168K, reserved 1112064K
  class space    used 8012K, capacity 9128K, committed 9216K, reserved 1048576K
}
Event: 1485.014 GC heap before
{Heap before GC invocations=83 (full 26):
 PSYoungGen      total 364032K, used 5636K [0x00000000d5980000, 0x00000000eca00000, 0x0000000100000000)
  eden space 353280K, 0% used [0x00000000d5980000,0x00000000d5980000,0x00000000eb280000)
  from space 10752K, 52% used [0x00000000eb280000,0x00000000eb801078,0x00000000ebd00000)
  to   space 10752K, 0% used [0x00000000ebf80000,0x00000000ebf80000,0x00000000eca00000)
 ParOldGen       total 201216K, used 119919K [0x0000000080c00000, 0x000000008d080000, 0x00000000d5980000)
  object space 201216K, 59% used [0x0000000080c00000,0x000000008811bdc0,0x000000008d080000)
 Metaspace       used 65666K, capacity 70924K, committed 71168K, reserved 1112064K
  class space    used 8012K, capacity 9128K, committed 9216K, reserved 1048576K

