# JRE version: Java(TM) SE Runtime Environment (8.0_151-b12) (build 1.8.0_151-b12)
# Java VM: Java HotSpot(TM) 64-Bit Server VM (25.151-b12 mixed mode windows-amd64 compressed oops)
Heap:
 PSYoungGen      total 220160K, used 20005K [0x00000000d5980000, 0x00000000e4100000, 0x0000000100000000)
  eden space 203264K, 9% used [0x00000000d5980000,0x00000000d6d09758,0x00000000e2000000)
  from space 16896K, 0% used [0x00000000e2000000,0x00000000e2000000,0x00000000e3080000)
  to   space 11776K, 0% used [0x00000000e3580000,0x00000000e3580000,0x00000000e4100000)
 ParOldGen       total 102400K, used 50906K [0x0000000080c00000, 0x0000000087000000, 0x00000000d5980000)
  object space 102400K, 49% used [0x0000000080c00000,0x0000000083db6ad0,0x0000000087000000)
 Metaspace       used 57684K, capacity 59376K, committed 59480K, reserved 1101824K
  class space    used 7112K, capacity 7468K, committed 7552K, reserved 1048576K
GC Heap History (10 events):
Event: 5.285 GC heap before
{Heap before GC invocations=12 (full 2):
 PSYoungGen      total 164864K, used 4176K [0x00000000d5980000, 0x00000000e2200000, 0x0000000100000000)
  eden space 150016K, 0% used [0x00000000d5980000,0x00000000d5980000,0x00000000dec00000)
  from space 14848K, 28% used [0x00000000dfb00000,0x00000000dff14040,0x00000000e0980000)
  to   space 15360K, 0% used [0x00000000dec00000,0x00000000dec00000,0x00000000dfb00000)
 ParOldGen       total 84480K, used 27267K [0x0000000080c00000, 0x0000000085e80000, 0x00000000d5980000)
  object space 84480K, 32% used [0x0000000080c00000,0x00000000826a0f18,0x0000000085e80000)
 Metaspace       used 34240K, capacity 35236K, committed 35456K, reserved 1079296K
  class space    used 4324K, capacity 4634K, committed 4736K, reserved 1048576K
Event: 5.333 GC heap after
Heap after GC invocations=12 (full 2):
 PSYoungGen      total 164864K, used 0K [0x00000000d5980000, 0x00000000e2200000, 0x0000000100000000)
  eden space 150016K, 0% used [0x00000000d5980000,0x00000000d5980000,0x00000000dec00000)
  from space 14848K, 0% used [0x00000000dfb00000,0x00000000dfb00000,0x00000000e0980000)
  to   space 15360K, 0% used [0x00000000dec00000,0x00000000dec00000,0x00000000dfb00000)
 ParOldGen       total 102400K, used 27486K [0x0000000080c00000, 0x0000000087000000, 0x00000000d5980000)
  object space 102400K, 26% used [0x0000000080c00000,0x00000000826d7a08,0x0000000087000000)
 Metaspace       used 34240K, capacity 35236K, committed 35456K, reserved 1079296K
  class space    used 4324K, capacity 4634K, committed 4736K, reserved 1048576K
}
Event: 6.466 GC heap before
{Heap before GC invocations=13 (full 2):
 PSYoungGen      total 164864K, used 150016K [0x00000000d5980000, 0x00000000e2200000, 0x0000000100000000)
  eden space 150016K, 100% used [0x00000000d5980000,0x00000000dec00000,0x00000000dec00000)
  from space 14848K, 0% used [0x00000000dfb00000,0x00000000dfb00000,0x00000000e0980000)
  to   space 15360K, 0% used [0x00000000dec00000,0x00000000dec00000,0x00000000dfb00000)
 ParOldGen       total 102400K, used 27486K [0x0000000080c00000, 0x0000000087000000, 0x00000000d5980000)
  object space 102400K, 26% used [0x0000000080c00000,0x00000000826d7a08,0x0000000087000000)
 Metaspace       used 45525K, capacity 47028K, committed 47104K, reserved 1089536K
  class space    used 5782K, capacity 6132K, committed 6144K, reserved 1048576K
Event: 6.476 GC heap after
Heap after GC invocations=13 (full 2):
 PSYoungGen      total 165376K, used 15335K [0x00000000d5980000, 0x00000000e4680000, 0x0000000100000000)
  eden space 150016K, 0% used [0x00000000d5980000,0x00000000d5980000,0x00000000dec00000)
  from space 15360K, 99% used [0x00000000dec00000,0x00000000dfaf9f60,0x00000000dfb00000)
  to   space 17408K, 0% used [0x00000000e3580000,0x00000000e3580000,0x00000000e4680000)
 ParOldGen       total 102400K, used 29293K [0x0000000080c00000, 0x0000000087000000, 0x00000000d5980000)
  object space 102400K, 28% used [0x0000000080c00000,0x000000008289b750,0x0000000087000000)
 Metaspace       used 45525K, capacity 47028K, committed 47104K, reserved 1089536K
  class space    used 5782K, capacity 6132K, committed 6144K, reserved 1048576K
}
Event: 7.641 GC heap before
{Heap before GC invocations=14 (full 2):
 PSYoungGen      total 165376K, used 165351K [0x00000000d5980000, 0x00000000e4680000, 0x0000000100000000)
  eden space 150016K, 100% used [0x00000000d5980000,0x00000000dec00000,0x00000000dec00000)
  from space 15360K, 99% used [0x00000000dec00000,0x00000000dfaf9f60,0x00000000dfb00000)
  to   space 17408K, 0% used [0x00000000e3580000,0x00000000e3580000,0x00000000e4680000)
 ParOldGen       total 102400K, used 29293K [0x0000000080c00000, 0x0000000087000000, 0x00000000d5980000)
  object space 102400K, 28% used [0x0000000080c00000,0x000000008289b750,0x0000000087000000)
 Metaspace       used 50554K, capacity 52162K, committed 52224K, reserved 1095680K
  class space    used 6244K, capacity 6615K, committed 6656K, reserved 1048576K
Event: 7.657 GC heap after
Heap after GC invocations=14 (full 2):
 PSYoungGen      total 215040K, used 8949K [0x00000000d5980000, 0x00000000e4100000, 0x0000000100000000)
  eden space 203264K, 0% used [0x00000000d5980000,0x00000000d5980000,0x00000000e2000000)
  from space 11776K, 76% used [0x00000000e3580000,0x00000000e3e3d7d0,0x00000000e4100000)
  to   space 16896K, 0% used [0x00000000e2000000,0x00000000e2000000,0x00000000e3080000)
 ParOldGen       total 102400K, used 38763K [0x0000000080c00000, 0x0000000087000000, 0x00000000d5980000)
  object space 102400K, 37% used [0x0000000080c00000,0x00000000831dad80,0x0000000087000000)
 Metaspace       used 50554K, capacity 52162K, committed 52224K, reserved 1095680K
  class space    used 6244K, capacity 6615K, committed 6656K, reserved 1048576K
}
Event: 8.940 GC heap before
{Heap before GC invocations=15 (full 2):
 PSYoungGen      total 215040K, used 177496K [0x00000000d5980000, 0x00000000e4100000, 0x0000000100000000)
  eden space 203264K, 82% used [0x00000000d5980000,0x00000000dfe18900,0x00000000e2000000)
  from space 11776K, 76% used [0x00000000e3580000,0x00000000e3e3d7d0,0x00000000e4100000)
  to   space 16896K, 0% used [0x00000000e2000000,0x00000000e2000000,0x00000000e3080000)
 ParOldGen       total 102400K, used 38763K [0x0000000080c00000, 0x0000000087000000, 0x00000000d5980000)
  object space 102400K, 37% used [0x0000000080c00000,0x00000000831dad80,0x0000000087000000)
 Metaspace       used 57216K, capacity 58828K, committed 59096K, reserved 1101824K
  class space    used 7043K, capacity 7398K, committed 7424K, reserved 1048576K
Event: 8.958 GC heap after
Heap after GC invocations=15 (full 2):
 PSYoungGen      total 220160K, used 9891K [0x00000000d5980000, 0x00000000e4100000, 0x0000000100000000)
  eden space 203264K, 0% used [0x00000000d5980000,0x00000000d5980000,0x00000000e2000000)
  from space 16896K, 58% used [0x00000000e2000000,0x00000000e29a8e20,0x00000000e3080000)
  to   space 11776K, 0% used [0x00000000e3580000,0x00000000e3580000,0x00000000e4100000)
 ParOldGen       total 102400K, used 44308K [0x0000000080c00000, 0x0000000087000000, 0x00000000d5980000)
  object space 102400K, 43% used [0x0000000080c00000,0x00000000837450e8,0x0000000087000000)
 Metaspace       used 57216K, capacity 58828K, committed 59096K, reserved 1101824K
  class space    used 7043K, capacity 7398K, committed 7424K, reserved 1048576K
}
Event: 8.958 GC heap before
{Heap before GC invocations=16 (full 3):
 PSYoungGen      total 220160K, used 9891K [0x00000000d5980000, 0x00000000e4100000, 0x0000000100000000)
  eden space 203264K, 0% used [0x00000000d5980000,0x00000000d5980000,0x00000000e2000000)
  from space 16896K, 58% used [0x00000000e2000000,0x00000000e29a8e20,0x00000000e3080000)
  to   space 11776K, 0% used [0x00000000e3580000,0x00000000e3580000,0x00000000e4100000)
 ParOldGen       total 102400K, used 44308K [0x0000000080c00000, 0x0000000087000000, 0x00000000d5980000)
  object space 102400K, 43% used [0x0000000080c00000,0x00000000837450e8,0x0000000087000000)
 Metaspace       used 57216K, capacity 58828K, committed 59096K, reserved 1101824K
  class space    used 7043K, capacity 7398K, committed 7424K, reserved 1048576K
Event: 9.211 GC heap after
Heap after GC invocations=16 (full 3):
 PSYoungGen      total 220160K, used 0K [0x00000000d5980000, 0x00000000e4100000, 0x0000000100000000)
  eden space 203264K, 0% used [0x00000000d5980000,0x00000000d5980000,0x00000000e2000000)
  from space 16896K, 0% used [0x00000000e2000000,0x00000000e2000000,0x00000000e3080000)
  to   space 11776K, 0% used [0x00000000e3580000,0x00000000e3580000,0x00000000e4100000)
 ParOldGen       total 102400K, used 50906K [0x0000000080c00000, 0x0000000087000000, 0x00000000d5980000)
  object space 102400K, 49% used [0x0000000080c00000,0x0000000083db6ad0,0x0000000087000000)
 Metaspace       used 57216K, capacity 58828K, committed 59096K, reserved 1101824K
  class space    used 7043K, capacity 7398K, committed 7424K, reserved 1048576K
}

