# JRE version: Java(TM) SE Runtime Environment (8.0_151-b12) (build 1.8.0_151-b12)
# Java VM: Java HotSpot(TM) 64-Bit Server VM (25.151-b12 mixed mode windows-amd64 compressed oops)
Heap:
 PSYoungGen      total 273920K, used 117657K [0x00000000d5980000, 0x00000000e9300000, 0x0000000100000000)
  eden space 244736K, 48% used [0x00000000d5980000,0x00000000dcc666a0,0x00000000e4880000)
  from space 29184K, 0% used [0x00000000e4880000,0x00000000e4880000,0x00000000e6500000)
  to   space 27136K, 0% used [0x00000000e6500000,0x00000000e6500000,0x00000000e7f80000)
 ParOldGen       total 120320K, used 55085K [0x0000000080c00000, 0x0000000088180000, 0x00000000d5980000)
  object space 120320K, 45% used [0x0000000080c00000,0x00000000841cb668,0x0000000088180000)
 Metaspace       used 60104K, capacity 61744K, committed 62080K, reserved 1103872K
  class space    used 7329K, capacity 7690K, committed 7808K, reserved 1048576K
GC Heap History (10 events):
Event: 47.589 GC heap before
{Heap before GC invocations=10 (full 1):
 PSYoungGen      total 209920K, used 76831K [0x00000000d5980000, 0x00000000e4280000, 0x0000000100000000)
  eden space 192512K, 30% used [0x00000000d5980000,0x00000000d9388e48,0x00000000e1580000)
  from space 17408K, 99% used [0x00000000e2f80000,0x00000000e407ee18,0x00000000e4080000)
  to   space 23040K, 0% used [0x00000000e1580000,0x00000000e1580000,0x00000000e2c00000)
 ParOldGen       total 73728K, used 30743K [0x0000000080c00000, 0x0000000085400000, 0x00000000d5980000)
  object space 73728K, 41% used [0x0000000080c00000,0x0000000082a05f08,0x0000000085400000)
 Metaspace       used 34552K, capacity 35416K, committed 35496K, reserved 1081344K
  class space    used 4080K, capacity 4344K, committed 4352K, reserved 1048576K
Event: 47.604 GC heap after
Heap after GC invocations=10 (full 1):
 PSYoungGen      total 215552K, used 23024K [0x00000000d5980000, 0x00000000e7f80000, 0x0000000100000000)
  eden space 192512K, 0% used [0x00000000d5980000,0x00000000d5980000,0x00000000e1580000)
  from space 23040K, 99% used [0x00000000e1580000,0x00000000e2bfc230,0x00000000e2c00000)
  to   space 27136K, 0% used [0x00000000e6500000,0x00000000e6500000,0x00000000e7f80000)
 ParOldGen       total 73728K, used 31734K [0x0000000080c00000, 0x0000000085400000, 0x00000000d5980000)
  object space 73728K, 43% used [0x0000000080c00000,0x0000000082afd898,0x0000000085400000)
 Metaspace       used 34552K, capacity 35416K, committed 35496K, reserved 1081344K
  class space    used 4080K, capacity 4344K, committed 4352K, reserved 1048576K
}
Event: 47.604 GC heap before
{Heap before GC invocations=11 (full 2):
 PSYoungGen      total 215552K, used 23024K [0x00000000d5980000, 0x00000000e7f80000, 0x0000000100000000)
  eden space 192512K, 0% used [0x00000000d5980000,0x00000000d5980000,0x00000000e1580000)
  from space 23040K, 99% used [0x00000000e1580000,0x00000000e2bfc230,0x00000000e2c00000)
  to   space 27136K, 0% used [0x00000000e6500000,0x00000000e6500000,0x00000000e7f80000)
 ParOldGen       total 73728K, used 31734K [0x0000000080c00000, 0x0000000085400000, 0x00000000d5980000)
  object space 73728K, 43% used [0x0000000080c00000,0x0000000082afd898,0x0000000085400000)
 Metaspace       used 34552K, capacity 35416K, committed 35496K, reserved 1081344K
  class space    used 4080K, capacity 4344K, committed 4352K, reserved 1048576K
Event: 47.684 GC heap after
Heap after GC invocations=11 (full 2):
 PSYoungGen      total 215552K, used 0K [0x00000000d5980000, 0x00000000e7f80000, 0x0000000100000000)
  eden space 192512K, 0% used [0x00000000d5980000,0x00000000d5980000,0x00000000e1580000)
  from space 23040K, 0% used [0x00000000e1580000,0x00000000e1580000,0x00000000e2c00000)
  to   space 27136K, 0% used [0x00000000e6500000,0x00000000e6500000,0x00000000e7f80000)
 ParOldGen       total 120320K, used 43248K [0x0000000080c00000, 0x0000000088180000, 0x00000000d5980000)
  object space 120320K, 35% used [0x0000000080c00000,0x000000008363c318,0x0000000088180000)
 Metaspace       used 34511K, capacity 35246K, committed 35496K, reserved 1081344K
  class space    used 4078K, capacity 4339K, committed 4352K, reserved 1048576K
}
Event: 49.066 GC heap before
{Heap before GC invocations=12 (full 2):
 PSYoungGen      total 215552K, used 192512K [0x00000000d5980000, 0x00000000e7f80000, 0x0000000100000000)
  eden space 192512K, 100% used [0x00000000d5980000,0x00000000e1580000,0x00000000e1580000)
  from space 23040K, 0% used [0x00000000e1580000,0x00000000e1580000,0x00000000e2c00000)
  to   space 27136K, 0% used [0x00000000e6500000,0x00000000e6500000,0x00000000e7f80000)
 ParOldGen       total 120320K, used 43248K [0x0000000080c00000, 0x0000000088180000, 0x00000000d5980000)
  object space 120320K, 35% used [0x0000000080c00000,0x000000008363c318,0x0000000088180000)
 Metaspace       used 51933K, capacity 53196K, committed 53504K, reserved 1095680K
  class space    used 6480K, capacity 6798K, committed 6912K, reserved 1048576K
Event: 49.080 GC heap after
Heap after GC invocations=12 (full 2):
 PSYoungGen      total 271872K, used 23381K [0x00000000d5980000, 0x00000000e9300000, 0x0000000100000000)
  eden space 244736K, 0% used [0x00000000d5980000,0x00000000d5980000,0x00000000e4880000)
  from space 27136K, 86% used [0x00000000e6500000,0x00000000e7bd55e8,0x00000000e7f80000)
  to   space 29184K, 0% used [0x00000000e4880000,0x00000000e4880000,0x00000000e6500000)
 ParOldGen       total 120320K, used 43320K [0x0000000080c00000, 0x0000000088180000, 0x00000000d5980000)
  object space 120320K, 36% used [0x0000000080c00000,0x000000008364e328,0x0000000088180000)
 Metaspace       used 51933K, capacity 53196K, committed 53504K, reserved 1095680K
  class space    used 6480K, capacity 6798K, committed 6912K, reserved 1048576K
}
Event: 49.931 GC heap before
{Heap before GC invocations=13 (full 2):
 PSYoungGen      total 271872K, used 106274K [0x00000000d5980000, 0x00000000e9300000, 0x0000000100000000)
  eden space 244736K, 33% used [0x00000000d5980000,0x00000000daa733e8,0x00000000e4880000)
  from space 27136K, 86% used [0x00000000e6500000,0x00000000e7bd55e8,0x00000000e7f80000)
  to   space 29184K, 0% used [0x00000000e4880000,0x00000000e4880000,0x00000000e6500000)
 ParOldGen       total 120320K, used 43320K [0x0000000080c00000, 0x0000000088180000, 0x00000000d5980000)
  object space 120320K, 36% used [0x0000000080c00000,0x000000008364e328,0x0000000088180000)
 Metaspace       used 57457K, capacity 59062K, committed 59160K, reserved 1101824K
  class space    used 7117K, capacity 7489K, committed 7552K, reserved 1048576K
Event: 49.943 GC heap after
Heap after GC invocations=13 (full 2):
 PSYoungGen      total 273920K, used 7733K [0x00000000d5980000, 0x00000000e9300000, 0x0000000100000000)
  eden space 244736K, 0% used [0x00000000d5980000,0x00000000d5980000,0x00000000e4880000)
  from space 29184K, 26% used [0x00000000e4880000,0x00000000e500d468,0x00000000e6500000)
  to   space 27136K, 0% used [0x00000000e6500000,0x00000000e6500000,0x00000000e7f80000)
 ParOldGen       total 120320K, used 53415K [0x0000000080c00000, 0x0000000088180000, 0x00000000d5980000)
  object space 120320K, 44% used [0x0000000080c00000,0x0000000084029fb0,0x0000000088180000)
 Metaspace       used 57457K, capacity 59062K, committed 59160K, reserved 1101824K
  class space    used 7117K, capacity 7489K, committed 7552K, reserved 1048576K
}
Event: 49.943 GC heap before
{Heap before GC invocations=14 (full 3):
 PSYoungGen      total 273920K, used 7733K [0x00000000d5980000, 0x00000000e9300000, 0x0000000100000000)
  eden space 244736K, 0% used [0x00000000d5980000,0x00000000d5980000,0x00000000e4880000)
  from space 29184K, 26% used [0x00000000e4880000,0x00000000e500d468,0x00000000e6500000)
  to   space 27136K, 0% used [0x00000000e6500000,0x00000000e6500000,0x00000000e7f80000)
 ParOldGen       total 120320K, used 53415K [0x0000000080c00000, 0x0000000088180000, 0x00000000d5980000)
  object space 120320K, 44% used [0x0000000080c00000,0x0000000084029fb0,0x0000000088180000)
 Metaspace       used 57457K, capacity 59062K, committed 59160K, reserved 1101824K
  class space    used 7117K, capacity 7489K, committed 7552K, reserved 1048576K
Event: 50.217 GC heap after
Heap after GC invocations=14 (full 3):
 PSYoungGen      total 273920K, used 0K [0x00000000d5980000, 0x00000000e9300000, 0x0000000100000000)
  eden space 244736K, 0% used [0x00000000d5980000,0x00000000d5980000,0x00000000e4880000)
  from space 29184K, 0% used [0x00000000e4880000,0x00000000e4880000,0x00000000e6500000)
  to   space 27136K, 0% used [0x00000000e6500000,0x00000000e6500000,0x00000000e7f80000)
 ParOldGen       total 120320K, used 55085K [0x0000000080c00000, 0x0000000088180000, 0x00000000d5980000)
  object space 120320K, 45% used [0x0000000080c00000,0x00000000841cb668,0x0000000088180000)
 Metaspace       used 57457K, capacity 59062K, committed 59160K, reserved 1101824K
  class space    used 7117K, capacity 7489K, committed 7552K, reserved 1048576K
}

